  Main.cpp
C:\Program Files (x86)\Windows Kits\10\Include\10.0.22000.0\shared\minwindef.h(130,1): warning C4005: 'APIENTRY': macro redefinition
C:\Users\Hosszú Szőr\Desktop\ImGUI GLFW Tutorial\Libraries\include\glad\glad.h(32): message : see previous definition of 'APIENTRY'
C:\Users\Hosszú Szőr\Desktop\ImGUI GLFW Tutorial\Main.cpp(55,16): warning C4150: deletion of pointer to incomplete type 'GLFWwindow'; no destructor called
C:\Users\Hosszú Szőr\Desktop\ImGUI GLFW Tutorial\imgui\imgui_impl_glfw.h(22): message : see declaration of 'GLFWwindow'
C:\Users\Hosszú Szőr\Desktop\ImGUI GLFW Tutorial\Main.cpp(129,16): warning C4552: '*': result of expression not used
C:\Users\Hosszú Szőr\Desktop\ImGUI GLFW Tutorial\Main.cpp(193,100): warning C4305: 'argument': truncation from 'double' to 'float'
glfw3.lib(init.obj) : warning LNK4099: PDB 'glfw.pdb' was not found with 'glfw3.lib(init.obj)' or at 'C:\Users\Hosszú Szőr\Desktop\ImGUI GLFW Tutorial\x64\Debug\glfw.pdb'; linking object as if no debug info
glfw3.lib(window.obj) : warning LNK4099: PDB 'glfw.pdb' was not found with 'glfw3.lib(window.obj)' or at 'C:\Users\Hosszú Szőr\Desktop\ImGUI GLFW Tutorial\x64\Debug\glfw.pdb'; linking object as if no debug info
glfw3.lib(input.obj) : warning LNK4099: PDB 'glfw.pdb' was not found with 'glfw3.lib(input.obj)' or at 'C:\Users\Hosszú Szőr\Desktop\ImGUI GLFW Tutorial\x64\Debug\glfw.pdb'; linking object as if no debug info
glfw3.lib(win32_window.obj) : warning LNK4099: PDB 'glfw.pdb' was not found with 'glfw3.lib(win32_window.obj)' or at 'C:\Users\Hosszú Szőr\Desktop\ImGUI GLFW Tutorial\x64\Debug\glfw.pdb'; linking object as if no debug info
glfw3.lib(context.obj) : warning LNK4099: PDB 'glfw.pdb' was not found with 'glfw3.lib(context.obj)' or at 'C:\Users\Hosszú Szőr\Desktop\ImGUI GLFW Tutorial\x64\Debug\glfw.pdb'; linking object as if no debug info
glfw3.lib(win32_init.obj) : warning LNK4099: PDB 'glfw.pdb' was not found with 'glfw3.lib(win32_init.obj)' or at 'C:\Users\Hosszú Szőr\Desktop\ImGUI GLFW Tutorial\x64\Debug\glfw.pdb'; linking object as if no debug info
glfw3.lib(win32_monitor.obj) : warning LNK4099: PDB 'glfw.pdb' was not found with 'glfw3.lib(win32_monitor.obj)' or at 'C:\Users\Hosszú Szőr\Desktop\ImGUI GLFW Tutorial\x64\Debug\glfw.pdb'; linking object as if no debug info
glfw3.lib(win32_time.obj) : warning LNK4099: PDB 'glfw.pdb' was not found with 'glfw3.lib(win32_time.obj)' or at 'C:\Users\Hosszú Szőr\Desktop\ImGUI GLFW Tutorial\x64\Debug\glfw.pdb'; linking object as if no debug info
glfw3.lib(win32_thread.obj) : warning LNK4099: PDB 'glfw.pdb' was not found with 'glfw3.lib(win32_thread.obj)' or at 'C:\Users\Hosszú Szőr\Desktop\ImGUI GLFW Tutorial\x64\Debug\glfw.pdb'; linking object as if no debug info
glfw3.lib(monitor.obj) : warning LNK4099: PDB 'glfw.pdb' was not found with 'glfw3.lib(monitor.obj)' or at 'C:\Users\Hosszú Szőr\Desktop\ImGUI GLFW Tutorial\x64\Debug\glfw.pdb'; linking object as if no debug info
glfw3.lib(vulkan.obj) : warning LNK4099: PDB 'glfw.pdb' was not found with 'glfw3.lib(vulkan.obj)' or at 'C:\Users\Hosszú Szőr\Desktop\ImGUI GLFW Tutorial\x64\Debug\glfw.pdb'; linking object as if no debug info
glfw3.lib(win32_joystick.obj) : warning LNK4099: PDB 'glfw.pdb' was not found with 'glfw3.lib(win32_joystick.obj)' or at 'C:\Users\Hosszú Szőr\Desktop\ImGUI GLFW Tutorial\x64\Debug\glfw.pdb'; linking object as if no debug info
glfw3.lib(wgl_context.obj) : warning LNK4099: PDB 'glfw.pdb' was not found with 'glfw3.lib(wgl_context.obj)' or at 'C:\Users\Hosszú Szőr\Desktop\ImGUI GLFW Tutorial\x64\Debug\glfw.pdb'; linking object as if no debug info
glfw3.lib(egl_context.obj) : warning LNK4099: PDB 'glfw.pdb' was not found with 'glfw3.lib(egl_context.obj)' or at 'C:\Users\Hosszú Szőr\Desktop\ImGUI GLFW Tutorial\x64\Debug\glfw.pdb'; linking object as if no debug info
glfw3.lib(osmesa_context.obj) : warning LNK4099: PDB 'glfw.pdb' was not found with 'glfw3.lib(osmesa_context.obj)' or at 'C:\Users\Hosszú Szőr\Desktop\ImGUI GLFW Tutorial\x64\Debug\glfw.pdb'; linking object as if no debug info
  YoutubeOpenGL.vcxproj -> C:\Users\Hosszú Szőr\Desktop\ImGUI GLFW Tutorial\x64\Debug\YoutubeOpenGL.exe
